<?xml version="1.0" encoding="UTF-8"?>
<!-- Generated by org.testng.reporters.JUnitXMLReporter -->
<testsuite ignored="0" hostname="LAPTOP-5B9G6GKJ" failures="0" tests="4" name="Default test" time="7.394" errors="0" timestamp="2022-11-15T22:45:59 IST">
  <testcase classname="TestCase.LoginTestCase" name="invalidUsernameValidPasswordLoginTest" time="0.882"/>
  <testcase classname="TestCase.LoginTestCase" name="validUsernameInvalidPasswordLoginTest" time="0.662"/>
  <testcase classname="TestCase.LoginTestCase" name="invalidUsernameInvalidPasswordLoginTest" time="0.716"/>
  <testcase classname="TestCase.LoginTestCase" name="ValidloginTest" time="1.78"/>
</testsuite> <!-- Default test -->
