<?xml version="1.0" encoding="UTF-8"?>
<!-- Generated by org.testng.reporters.JUnitXMLReporter -->
<testsuite ignored="0" hostname="LAPTOP-5B9G6GKJ" failures="0" tests="8" name="Test" time="40.712" errors="0" timestamp="2022-11-16T11:01:58 IST">
  <testcase classname="TestCase.LoginTestCase" name="invalidUsernameValidPasswordLoginTest" time="0.931"/>
  <testcase classname="TestCase.LoginTestCase" name="validUsernameInvalidPasswordLoginTest" time="0.855"/>
  <testcase classname="TestCase.LoginTestCase" name="invalidUsernameInvalidPasswordLoginTest" time="0.713"/>
  <testcase classname="TestCase.LoginTestCase" name="ValidloginTest" time="1.681"/>
  <testcase classname="TestCase.RegisterTestCase" name="testExistingInputFields" time="1.543"/>
  <testcase classname="TestCase.RegisterTestCase" name="newUserRegisterTest" time="3.693"/>
  <testcase classname="TestCase.PopuarMakeCommentTestCase" name="newUserRegisterTest" time="14.456"/>
  <testcase classname="TestCase.PopuarMakeCommentTestCase" name="testReComment" time="7.911"/>
</testsuite> <!-- Test -->
