<?xml version="1.0" encoding="UTF-8"?>
<testng-results ignored="0" total="8" passed="8" failed="0" skipped="0">
  <reporter-output>
  </reporter-output>
  <suite started-at="2022-11-16T11:01:17 IST" name="Suite" finished-at="2022-11-16T11:01:58 IST" duration-ms="40712">
    <groups>
    </groups>
    <test started-at="2022-11-16T11:01:17 IST" name="Test" finished-at="2022-11-16T11:01:58 IST" duration-ms="40712">
      <class name="TestCase.LoginTestCase">
        <test-method is-config="true" signature="setUp()[pri:0, instance:TestCase.LoginTestCase@557caf28]" started-at="2022-11-16T11:01:17 IST" name="setUp" finished-at="2022-11-16T11:01:21 IST" duration-ms="3825" status="PASS">
          <reporter-output>
          </reporter-output>
        </test-method> <!-- setUp -->
        <test-method signature="invalidUsernameValidPasswordLoginTest()[pri:1, instance:TestCase.LoginTestCase@557caf28]" started-at="2022-11-16T11:01:21 IST" name="invalidUsernameValidPasswordLoginTest" finished-at="2022-11-16T11:01:22 IST" duration-ms="931" status="PASS">
          <reporter-output>
          </reporter-output>
        </test-method> <!-- invalidUsernameValidPasswordLoginTest -->
        <test-method signature="validUsernameInvalidPasswordLoginTest()[pri:2, instance:TestCase.LoginTestCase@557caf28]" started-at="2022-11-16T11:01:22 IST" name="validUsernameInvalidPasswordLoginTest" finished-at="2022-11-16T11:01:23 IST" duration-ms="855" status="PASS">
          <reporter-output>
          </reporter-output>
        </test-method> <!-- validUsernameInvalidPasswordLoginTest -->
        <test-method signature="invalidUsernameInvalidPasswordLoginTest()[pri:3, instance:TestCase.LoginTestCase@557caf28]" started-at="2022-11-16T11:01:23 IST" name="invalidUsernameInvalidPasswordLoginTest" finished-at="2022-11-16T11:01:24 IST" duration-ms="713" status="PASS">
          <reporter-output>
          </reporter-output>
        </test-method> <!-- invalidUsernameInvalidPasswordLoginTest -->
        <test-method signature="ValidloginTest()[pri:4, instance:TestCase.LoginTestCase@557caf28]" started-at="2022-11-16T11:01:24 IST" name="ValidloginTest" finished-at="2022-11-16T11:01:25 IST" duration-ms="1681" status="PASS">
          <reporter-output>
          </reporter-output>
        </test-method> <!-- ValidloginTest -->
        <test-method is-config="true" signature="quitDriver()[pri:0, instance:TestCase.LoginTestCase@557caf28]" started-at="2022-11-16T11:01:25 IST" name="quitDriver" finished-at="2022-11-16T11:01:26 IST" duration-ms="139" status="PASS">
          <reporter-output>
          </reporter-output>
        </test-method> <!-- quitDriver -->
      </class> <!-- TestCase.LoginTestCase -->
      <class name="TestCase.RegisterTestCase">
        <test-method is-config="true" signature="setUp()[pri:0, instance:TestCase.RegisterTestCase@3c41ed1d]" started-at="2022-11-16T11:01:26 IST" name="setUp" finished-at="2022-11-16T11:01:28 IST" duration-ms="2334" status="PASS">
          <reporter-output>
          </reporter-output>
        </test-method> <!-- setUp -->
        <test-method signature="testExistingInputFields()[pri:1, instance:TestCase.RegisterTestCase@3c41ed1d]" started-at="2022-11-16T11:01:28 IST" name="testExistingInputFields" finished-at="2022-11-16T11:01:29 IST" duration-ms="1543" status="PASS">
          <reporter-output>
          </reporter-output>
        </test-method> <!-- testExistingInputFields -->
        <test-method signature="newUserRegisterTest()[pri:2, instance:TestCase.RegisterTestCase@3c41ed1d]" started-at="2022-11-16T11:01:29 IST" name="newUserRegisterTest" finished-at="2022-11-16T11:01:33 IST" duration-ms="3693" status="PASS">
          <reporter-output>
          </reporter-output>
        </test-method> <!-- newUserRegisterTest -->
        <test-method is-config="true" signature="quitDriver()[pri:0, instance:TestCase.RegisterTestCase@3c41ed1d]" started-at="2022-11-16T11:01:33 IST" name="quitDriver" finished-at="2022-11-16T11:01:33 IST" duration-ms="179" status="PASS">
          <reporter-output>
          </reporter-output>
        </test-method> <!-- quitDriver -->
      </class> <!-- TestCase.RegisterTestCase -->
      <class name="TestCase.PopuarMakeCommentTestCase">
        <test-method is-config="true" signature="setUp()[pri:0, instance:TestCase.PopuarMakeCommentTestCase@54d9d12d]" started-at="2022-11-16T11:01:33 IST" name="setUp" finished-at="2022-11-16T11:01:36 IST" duration-ms="2221" status="PASS">
          <reporter-output>
          </reporter-output>
        </test-method> <!-- setUp -->
        <test-method signature="newUserRegisterTest()[pri:0, instance:TestCase.PopuarMakeCommentTestCase@54d9d12d]" started-at="2022-11-16T11:01:36 IST" name="newUserRegisterTest" finished-at="2022-11-16T11:01:50 IST" duration-ms="14456" status="PASS">
          <reporter-output>
          </reporter-output>
        </test-method> <!-- newUserRegisterTest -->
        <test-method signature="testReComment()[pri:0, instance:TestCase.PopuarMakeCommentTestCase@54d9d12d]" started-at="2022-11-16T11:01:50 IST" name="testReComment" finished-at="2022-11-16T11:01:58 IST" duration-ms="7911" status="PASS">
          <reporter-output>
          </reporter-output>
        </test-method> <!-- testReComment -->
        <test-method is-config="true" signature="quitDriver()[pri:0, instance:TestCase.PopuarMakeCommentTestCase@54d9d12d]" started-at="2022-11-16T11:01:58 IST" name="quitDriver" finished-at="2022-11-16T11:01:58 IST" duration-ms="180" status="PASS">
          <reporter-output>
          </reporter-output>
        </test-method> <!-- quitDriver -->
      </class> <!-- TestCase.PopuarMakeCommentTestCase -->
    </test> <!-- Test -->
  </suite> <!-- Suite -->
</testng-results>
