<?xml version="1.0" encoding="UTF-8"?>
<testng-results ignored="0" total="4" passed="4" failed="0" skipped="0">
  <reporter-output>
  </reporter-output>
  <suite started-at="2022-11-15T22:45:52 IST" name="Default suite" finished-at="2022-11-15T22:45:59 IST" duration-ms="7394">
    <groups>
    </groups>
    <test started-at="2022-11-15T22:45:52 IST" name="Default test" finished-at="2022-11-15T22:45:59 IST" duration-ms="7394">
      <class name="TestCase.LoginTestCase">
        <test-method is-config="true" signature="setUp()[pri:0, instance:TestCase.LoginTestCase@3c41ed1d]" started-at="2022-11-15T22:45:52 IST" name="setUp" finished-at="2022-11-15T22:45:55 IST" duration-ms="3066" status="PASS">
          <reporter-output>
          </reporter-output>
        </test-method> <!-- setUp -->
        <test-method is-config="true" signature="json()[pri:0, instance:TestCase.LoginTestCase@3c41ed1d]" started-at="2022-11-15T22:45:55 IST" name="json" finished-at="2022-11-15T22:45:55 IST" duration-ms="7" status="PASS">
          <reporter-output>
          </reporter-output>
        </test-method> <!-- json -->
        <test-method signature="invalidUsernameValidPasswordLoginTest()[pri:1, instance:TestCase.LoginTestCase@3c41ed1d]" started-at="2022-11-15T22:45:55 IST" name="invalidUsernameValidPasswordLoginTest" finished-at="2022-11-15T22:45:56 IST" duration-ms="882" status="PASS">
          <reporter-output>
          </reporter-output>
        </test-method> <!-- invalidUsernameValidPasswordLoginTest -->
        <test-method signature="validUsernameInvalidPasswordLoginTest()[pri:2, instance:TestCase.LoginTestCase@3c41ed1d]" started-at="2022-11-15T22:45:56 IST" name="validUsernameInvalidPasswordLoginTest" finished-at="2022-11-15T22:45:56 IST" duration-ms="662" status="PASS">
          <reporter-output>
          </reporter-output>
        </test-method> <!-- validUsernameInvalidPasswordLoginTest -->
        <test-method signature="invalidUsernameInvalidPasswordLoginTest()[pri:3, instance:TestCase.LoginTestCase@3c41ed1d]" started-at="2022-11-15T22:45:56 IST" name="invalidUsernameInvalidPasswordLoginTest" finished-at="2022-11-15T22:45:57 IST" duration-ms="716" status="PASS">
          <reporter-output>
          </reporter-output>
        </test-method> <!-- invalidUsernameInvalidPasswordLoginTest -->
        <test-method signature="ValidloginTest()[pri:4, instance:TestCase.LoginTestCase@3c41ed1d]" started-at="2022-11-15T22:45:57 IST" name="ValidloginTest" finished-at="2022-11-15T22:45:59 IST" duration-ms="1780" status="PASS">
          <reporter-output>
          </reporter-output>
        </test-method> <!-- ValidloginTest -->
        <test-method is-config="true" signature="quitDriver()[pri:0, instance:TestCase.LoginTestCase@3c41ed1d]" started-at="2022-11-15T22:45:59 IST" name="quitDriver" finished-at="2022-11-15T22:45:59 IST" duration-ms="250" status="PASS">
          <reporter-output>
          </reporter-output>
        </test-method> <!-- quitDriver -->
      </class> <!-- TestCase.LoginTestCase -->
    </test> <!-- Default test -->
  </suite> <!-- Default suite -->
</testng-results>
